<?xml version="1.0" encoding="UTF-8"?>
<!-- Generated by org.testng.reporters.JUnitReportReporter -->
<testsuite skipped="0" hostname="Primecandids-PC" name="Testng.TestngProject.SampleTestng" tests="1" failures="0" timestamp="2020-05-16T19:29:47 IST" time="0.026" errors="0">
  <testcase name="test" time="0.026" classname="Testng.TestngProject.SampleTestng"/>
  <system-out/>
</testsuite> <!-- Testng.TestngProject.SampleTestng -->
