<?xml version="1.0" encoding="UTF-8"?>
<!-- Generated by org.testng.reporters.JUnitReportReporter -->
<testsuite skipped="0" hostname="Primecandids-PC" name="newword1.Map" tests="1" failures="0" timestamp="2020-06-10T16:34:35 IST" time="99.124" errors="0">
  <testcase name="sampleTest" time="99.124" classname="newword1.Map"/>
  <system-out/>
</testsuite> <!-- newword1.Map -->
