<?xml version="1.0" encoding="UTF-8"?>
<!-- Generated by org.testng.reporters.JUnitReportReporter -->
<testsuite skipped="0" hostname="Primecandids-PC" name="Testng.TestngProject.MapTrial" tests="1" failures="0" timestamp="2020-05-17T18:05:26 IST" time="65.800" errors="0">
  <testcase name="sampleTest" time="65.800" classname="Testng.TestngProject.MapTrial"/>
  <system-out/>
</testsuite> <!-- Testng.TestngProject.MapTrial -->
